<?xml version="1.0" encoding="UTF-8"?>
<!-- Generated by org.testng.reporters.JUnitReportReporter -->
<testsuite skipped="0" hostname="LAPTOP-51BADE2E" name="appiumTest.AppTest" tests="1" failures="0" timestamp="03 Apr 2021 16:51:58 GMT" time="98.844" errors="0">
  <testcase name="Amazon_app" time="98.844" classname="appiumTest.AppTest"/>
</testsuite> <!-- appiumTest.AppTest -->
