<?xml version="1.0" encoding="UTF-8"?>
<!-- Generated by org.testng.reporters.JUnitReportReporter -->
<testsuite skipped="0" hostname="LAPTOP-51BADE2E" name="appiumTest.AmazonTest" tests="1" failures="0" timestamp="03 Apr 2021 17:16:07 GMT" time="111.463" errors="0">
  <testcase name="Amazon_app" time="111.463" classname="appiumTest.AmazonTest"/>
</testsuite> <!-- appiumTest.AmazonTest -->
